<?xml version="1.0" encoding="UTF-8"?>
<!-- Generated by org.testng.reporters.JUnitReportReporter -->
<testsuite hostname="Paulos-MacBook-Pro.local" failures="0" tests="1" name="testCase.TC_001_AccountRegistrationTest" time="11.528" errors="0" timestamp="2023-09-14T16:15:31 SGT" skipped="0">
  <testcase classname="testCase.TC_001_AccountRegistrationTest" name="test_account_Registration" time="11.528"/>
  <system-out/>
</testsuite> <!-- testCase.TC_001_AccountRegistrationTest -->
